<?xml version="1.0" encoding="UTF-8"?>
<!-- Generated by org.testng.reporters.JUnitReportReporter -->
<testsuite hostname="Afsara-Lamia" failures="0" tests="1" name="test_cases.LoginTest" time="9.979" errors="0" timestamp="2023-03-01T12:23:27 BDT" skipped="0">
  <testcase classname="test_cases.LoginTest" name="login" time="9.979"/>
  <system-out/>
</testsuite> <!-- test_cases.LoginTest -->
